生成启动时间为 2024-04-26 15:43:05。
     1>项目“E:\root\Datas\SchoolData\language\MFC\Repository\Repository\Repository.vcxproj”在节点 2 上(Build 个目标)。
     1>ClCompile:
         D:\root\Tools\STools\VS2013\VC\bin\CL.exe /c /Zi /nologo /W3 /WX- /O2 /Oi /Oy- /GL /D WIN32 /D _WINDOWS /D NDEBUG /D _UNICODE /D UNICODE /Gm- /EHsc /MT /GS /Gy /fp:precise /Zc:wchar_t /Zc:forScope /Yc"stdafx.h" /Fp"Release\Repository.pch" /Fo"Release\\" /Fd"Release\vc120.pdb" /Gd /TP /analyze- /errorReport:prompt stdafx.cpp
         stdafx.cpp
         D:\root\Tools\STools\VS2013\VC\bin\CL.exe /c /Zi /nologo /W3 /WX- /O2 /Oi /Oy- /GL /D WIN32 /D _WINDOWS /D NDEBUG /D _UNICODE /D UNICODE /Gm- /EHsc /MT /GS /Gy /fp:precise /Zc:wchar_t /Zc:forScope /Yu"stdafx.h" /Fp"Release\Repository.pch" /Fo"Release\\" /Fd"Release\vc120.pdb" /Gd /TP /analyze- /errorReport:prompt Repository.cpp RepositoryDlg.cpp WorkDlg.cpp
         Repository.cpp
         RepositoryDlg.cpp
         WorkDlg.cpp
       ResourceCompile:
         C:\Program Files (x86)\Windows Kits\8.1\bin\x86\rc.exe /D NDEBUG /D _UNICODE /D UNICODE /l"0x0804" /IRelease\ /nologo /fo"Release\Repository.res" Repository.rc 
       Link:
         D:\root\Tools\STools\VS2013\VC\bin\link.exe /ERRORREPORT:PROMPT /OUT:"E:\root\Datas\SchoolData\language\MFC\Repository\Release\Repository.exe" /INCREMENTAL:NO /NOLOGO /MANIFEST /MANIFESTUAC:"level='asInvoker' uiAccess='false'" /manifest:embed /manifestinput:D:\root\Tools\STools\VS2013\VC\Include\Manifest\dpiaware.manifest /DEBUG /PDB:"E:\root\Datas\SchoolData\language\MFC\Repository\Release\Repository.pdb" /SUBSYSTEM:WINDOWS /OPT:REF /OPT:ICF /LTCG /TLBID:1 /ENTRY:"wWinMainCRTStartup" /DYNAMICBASE /NXCOMPAT /IMPLIB:"E:\root\Datas\SchoolData\language\MFC\Repository\Release\Repository.lib" /MACHINE:X86 /SAFESEH Release\Repository.res
         Release\Repository.obj
         Release\RepositoryDlg.obj
         Release\stdafx.obj
         Release\WorkDlg.obj
         正在生成代码
         已完成代码的生成
         Repository.vcxproj -> E:\root\Datas\SchoolData\language\MFC\Repository\Release\Repository.exe
     1>已完成生成项目“E:\root\Datas\SchoolData\language\MFC\Repository\Repository\Repository.vcxproj”(Build 个目标)的操作。

生成成功。

已用时间 00:00:03.75
