生成启动时间为 2024-04-26 15:35:39。
     1>项目“E:\root\Datas\SchoolData\language\MFC\Repository\Repository\Repository.vcxproj”在节点 2 上(Build 个目标)。
     1>ClCompile:
         D:\root\Tools\STools\VS2013\VC\bin\CL.exe /c /ZI /nologo /W3 /WX- /Od /Oy- /D WIN32 /D _WINDOWS /D _DEBUG /D _UNICODE /D UNICODE /Gm /EHsc /RTC1 /MTd /GS /fp:precise /Zc:wchar_t /Zc:forScope /Yu"stdafx.h" /Fp"Debug\Repository.pch" /Fo"Debug\\" /Fd"Debug\vc120.pdb" /Gd /TP /analyze- /errorReport:prompt Repository.cpp RepositoryDlg.cpp WorkDlg.cpp
         Repository.cpp
         正在生成代码...
         正在编译...
         WorkDlg.cpp
         RepositoryDlg.cpp
         正在生成代码...
       ResourceCompile:
         C:\Program Files (x86)\Windows Kits\8.1\bin\x86\rc.exe /D _DEBUG /D _UNICODE /D UNICODE /l"0x0804" /IDebug\ /nologo /fo"Debug\Repository.res" Repository.rc 
       Link:
         D:\root\Tools\STools\VS2013\VC\bin\link.exe /ERRORREPORT:PROMPT /OUT:"E:\root\Datas\SchoolData\language\MFC\Repository\Debug\Repository.exe" /INCREMENTAL /NOLOGO /MANIFEST /MANIFESTUAC:"level='asInvoker' uiAccess='false'" /manifest:embed /manifestinput:D:\root\Tools\STools\VS2013\VC\Include\Manifest\dpiaware.manifest /DEBUG /PDB:"E:\root\Datas\SchoolData\language\MFC\Repository\Debug\Repository.pdb" /SUBSYSTEM:WINDOWS /TLBID:1 /ENTRY:"wWinMainCRTStartup" /DYNAMICBASE /NXCOMPAT /IMPLIB:"E:\root\Datas\SchoolData\language\MFC\Repository\Debug\Repository.lib" /MACHINE:X86 Debug\Repository.res
         Debug\Repository.obj
         Debug\RepositoryDlg.obj
         Debug\stdafx.obj
         Debug\WorkDlg.obj
         Repository.vcxproj -> E:\root\Datas\SchoolData\language\MFC\Repository\Debug\Repository.exe
     1>已完成生成项目“E:\root\Datas\SchoolData\language\MFC\Repository\Repository\Repository.vcxproj”(Build 个目标)的操作。

生成成功。

已用时间 00:00:02.25
